Arguments: 
  /usr/local/Cellar/node/15.7.0/bin/node /Users/andresn/.yarn/bin/yarn.js add @ant-design-pro/Login

PATH: 
  /Users/andresn/.yarn/bin:/Users/andresn/.config/yarn/global/node_modules/.bin:/usr/local/bin:/usr/local/bin:/usr/bin:/bin:/usr/sbin:/sbin:/Users/andresn/.yarn/bin:/Users/andresn/.config/yarn/global/node_modules/.bin:/opt/yarn-[version]/bin:/opt/yarn-[version]/bin

Yarn version: 
  1.22.5

Node version: 
  15.7.0

Platform: 
  darwin x64

Trace: 
  Error: https://registry.yarnpkg.com/@ant-design-pro%2fLogin: Not found
      at Request.params.callback [as _callback] (/Users/andresn/.yarn/lib/cli.js:66988:18)
      at Request.self.callback (/Users/andresn/.yarn/lib/cli.js:140749:22)
      at Request.emit (node:events:379:20)
      at Request.<anonymous> (/Users/andresn/.yarn/lib/cli.js:141721:10)
      at Request.emit (node:events:379:20)
      at IncomingMessage.<anonymous> (/Users/andresn/.yarn/lib/cli.js:141643:12)
      at Object.onceWrapper (node:events:485:28)
      at IncomingMessage.emit (node:events:391:22)
      at endReadableNT (node:internal/streams/readable:1307:12)
      at processTicksAndRejections (node:internal/process/task_queues:81:21)

npm manifest: 
  No manifest

yarn manifest: 
  No manifest

Lockfile: 
  No lockfile
